SF:lib\util\event_filter_service.dart
DA:5,3
DA:6,1
DA:7,1
DA:9,1
DA:12,2
DA:15,3
DA:17,1
DA:18,1
DA:21,2
DA:22,4
DA:25,0
DA:26,0
DA:32,1
LF:13
LH:11
end_of_record
SF:lib\util\trail_app_settings.dart
DA:6,0
DA:7,0
DA:8,0
DA:9,0
DA:10,0
DA:16,0
DA:29,0
DA:30,0
DA:34,0
DA:35,0
DA:50,0
DA:51,0
DA:52,0
DA:53,0
DA:56,0
DA:57,0
DA:58,0
DA:59,0
DA:62,0
DA:74,0
LF:20
LH:0
end_of_record
SF:lib\util\geo_methods.dart
DA:11,1
DA:15,4
DA:16,4
DA:17,2
DA:18,2
DA:21,11
DA:22,3
DA:23,1
DA:26,1
DA:27,2
DA:30,1
DA:35,1
DA:36,1
DA:38,1
DA:39,4
DA:41,1
DA:42,1
DA:45,1
LF:18
LH:18
end_of_record
SF:lib\data\trail_place_category.dart
DA:5,0
LF:1
LH:0
end_of_record
